<?xml version="1.0" encoding="UTF-8"?>
<!-- Generated by org.testng.reporters.JUnitReportReporter -->
<testsuite hostname="DESKTOP-7AO4KKL" failures="0" tests="1" name="TC006_GET_ExtrcatValuesOfEachNodeInJSON" time="2.735" errors="0" timestamp="10 Jun 2019 01:41:38 GMT" skipped="0">
  <testcase classname="TC006_GET_ExtrcatValuesOfEachNodeInJSON" name="googleMapTest" time="2.735"/>
</testsuite> <!-- TC006_GET_ExtrcatValuesOfEachNodeInJSON -->
