<?xml version="1.0" encoding="UTF-8"?>
<!-- Generated by org.testng.reporters.JUnitReportReporter -->
<testsuite hostname="DESKTOP-7AO4KKL" failures="0" tests="1" name="TC004_GET_Request_PrintAllHeaders" time="1.681" errors="0" timestamp="09 Jun 2019 21:58:59 GMT" skipped="0">
  <testcase classname="TC004_GET_Request_PrintAllHeaders" name="googleMapTest" time="1.681"/>
</testsuite> <!-- TC004_GET_Request_PrintAllHeaders -->
