<?xml version="1.0" encoding="UTF-8"?>
<!-- Generated by org.testng.reporters.JUnitReportReporter -->
<testsuite hostname="DESKTOP-7AO4KKL" failures="0" tests="1" name="TC007_GET_Request_Autherezation" time="1.246" errors="0" timestamp="09 Jun 2019 21:59:47 GMT" skipped="0">
  <testcase classname="TC007_GET_Request_Autherezation" name="AutherizationTest" time="1.246"/>
</testsuite> <!-- TC007_GET_Request_Autherezation -->
