<?xml version="1.0" encoding="UTF-8"?>
<!-- Generated by org.testng.reporters.JUnitReportReporter -->
<testsuite hostname="DESKTOP-7AO4KKL" failures="0" tests="1" name="TC005_GET_ValidationJSONResponse" time="1.641" errors="0" timestamp="09 Jun 2019 21:59:13 GMT" skipped="0">
  <testcase classname="TC005_GET_ValidationJSONResponse" name="googleMapTest" time="1.641"/>
</testsuite> <!-- TC005_GET_ValidationJSONResponse -->
