<?xml version="1.0" encoding="UTF-8"?>
<!-- Generated by org.testng.reporters.JUnitReportReporter -->
<testsuite hostname="DESKTOP-7AO4KKL" failures="0" tests="1" name="TC003_GET_Request" time="1.782" errors="0" timestamp="09 Jun 2019 21:58:48 GMT" skipped="0">
  <testcase classname="TC003_GET_Request" name="googleMapTest" time="1.782"/>
</testsuite> <!-- TC003_GET_Request -->
