<?xml version="1.0" encoding="UTF-8"?>
<!-- Generated by org.testng.reporters.JUnitReportReporter -->
<testsuite hostname="DESKTOP-7AO4KKL" failures="0" tests="1" name="Demo4_GET_Request_PrintAllHeaders" time="2.526" errors="0" timestamp="07 Jun 2019 16:07:03 GMT" skipped="0">
  <testcase classname="Demo4_GET_Request_PrintAllHeaders" name="googleMapTest" time="2.526"/>
</testsuite> <!-- Demo4_GET_Request_PrintAllHeaders -->
